<?xml version="1.0" encoding="UTF-8"?>
<testsuite name="TestSuite" time="0.741" tests="29" errors="0" skipped="0" failures="29">
  <properties>
    <property name="java.runtime.name" value="Java(TM) SE Runtime Environment"/>
    <property name="sun.boot.library.path" value="/Users/apple/apache/java8/Contents/Home/jre/lib"/>
    <property name="java.vm.version" value="25.111-b14"/>
    <property name="gopherProxySet" value="false"/>
    <property name="java.vm.vendor" value="Oracle Corporation"/>
    <property name="maven.multiModuleProjectDirectory" value="/Users/apple/Workspaces/MudaClear"/>
    <property name="java.vendor.url" value="http://java.oracle.com/"/>
    <property name="path.separator" value=":"/>
    <property name="guice.disable.misplaced.annotation.check" value="true"/>
    <property name="java.vm.name" value="Java HotSpot(TM) 64-Bit Server VM"/>
    <property name="file.encoding.pkg" value="sun.io"/>
    <property name="user.country" value="CN"/>
    <property name="sun.java.launcher" value="SUN_STANDARD"/>
    <property name="sun.os.patch.level" value="unknown"/>
    <property name="java.vm.specification.name" value="Java Virtual Machine Specification"/>
    <property name="user.dir" value="/Users/apple/Workspaces/MudaClear"/>
    <property name="java.runtime.version" value="1.8.0_111-b14"/>
    <property name="java.awt.graphicsenv" value="sun.awt.CGraphicsEnvironment"/>
    <property name="java.endorsed.dirs" value="/Users/apple/apache/java8/Contents/Home/jre/lib/endorsed"/>
    <property name="os.arch" value="x86_64"/>
    <property name="java.io.tmpdir" value="/var/folders/zb/g_3pp5ld2nbdj0sbclxq6ctw0000gn/T/"/>
    <property name="line.separator" value="&#10;"/>
    <property name="java.vm.specification.vendor" value="Oracle Corporation"/>
    <property name="os.name" value="Mac OS X"/>
    <property name="classworlds.conf" value="/Users/apple/apache/maven/bin/m2.conf"/>
    <property name="sun.jnu.encoding" value="UTF-8"/>
    <property name="java.library.path" value="/Users/apple/Library/Java/Extensions:/Library/Java/Extensions:/Network/Library/Java/Extensions:/System/Library/Java/Extensions:/usr/lib/java:."/>
    <property name="java.specification.name" value="Java Platform API Specification"/>
    <property name="java.class.version" value="52.0"/>
    <property name="sun.management.compiler" value="HotSpot 64-Bit Tiered Compilers"/>
    <property name="os.version" value="10.13.4"/>
    <property name="user.home" value="/Users/apple"/>
    <property name="user.timezone" value="Asia/Shanghai"/>
    <property name="java.awt.printerjob" value="sun.lwawt.macosx.CPrinterJob"/>
    <property name="java.specification.version" value="1.8"/>
    <property name="file.encoding" value="UTF-8"/>
    <property name="user.name" value="apple"/>
    <property name="java.class.path" value="/Users/apple/apache/maven/boot/plexus-classworlds-2.5.2.jar"/>
    <property name="java.vm.specification.version" value="1.8"/>
    <property name="sun.arch.data.model" value="64"/>
    <property name="java.home" value="/Users/apple/apache/java8/Contents/Home/jre"/>
    <property name="sun.java.command" value="org.codehaus.plexus.classworlds.launcher.Launcher clean test"/>
    <property name="java.specification.vendor" value="Oracle Corporation"/>
    <property name="user.language" value="zh"/>
    <property name="awt.toolkit" value="sun.lwawt.macosx.LWCToolkit"/>
    <property name="java.vm.info" value="mixed mode"/>
    <property name="java.version" value="1.8.0_111"/>
    <property name="java.ext.dirs" value="/Users/apple/Library/Java/Extensions:/Users/apple/apache/java8/Contents/Home/jre/lib/ext:/Library/Java/Extensions:/Network/Library/Java/Extensions:/System/Library/Java/Extensions:/usr/lib/java"/>
    <property name="sun.boot.class.path" value="/Users/apple/apache/java8/Contents/Home/jre/lib/resources.jar:/Users/apple/apache/java8/Contents/Home/jre/lib/rt.jar:/Users/apple/apache/java8/Contents/Home/jre/lib/sunrsasign.jar:/Users/apple/apache/java8/Contents/Home/jre/lib/jsse.jar:/Users/apple/apache/java8/Contents/Home/jre/lib/jce.jar:/Users/apple/apache/java8/Contents/Home/jre/lib/charsets.jar:/Users/apple/apache/java8/Contents/Home/jre/lib/jfr.jar:/Users/apple/apache/java8/Contents/Home/jre/classes"/>
    <property name="java.vendor" value="Oracle Corporation"/>
    <property name="maven.home" value="/Users/apple/apache/maven"/>
    <property name="file.separator" value="/"/>
    <property name="java.vendor.url.bug" value="http://bugreport.sun.com/bugreport/"/>
    <property name="sun.cpu.endian" value="little"/>
    <property name="sun.io.unicode.encoding" value="UnicodeBig"/>
    <property name="sun.cpu.isalist" value=""/>
  </properties>
  <testcase name="testMethod" classname="com.muda.controller.platform.job.PlatformJobController" time="0.741">
    <failure message="expected [true] but found [false]" type="java.lang.AssertionError">java.lang.AssertionError: expected [true] but found [false]
	at org.testng.Assert.fail(Assert.java:94)
	at org.testng.Assert.failNotEquals(Assert.java:496)
	at org.testng.Assert.assertTrue(Assert.java:42)
	at org.testng.Assert.assertTrue(Assert.java:52)
	at com.muda.controller.platform.job.PlatformJobController.testMethod(PlatformJobController.java:143)
</failure>
    <system-out><![CDATA[line
2019-09-27 18:32:38 | &amp#27;[34mINFO &amp#27;[0;39m | &amp#27;[1;33mmain&amp#27;[0;39m | &amp#27;[1;32mcom.muda.controller.platform.job.PlatformJobController&amp#27;[0;39m | createDbConnection.create(jdbc:mysql://10.10.28.5:3306/wj_test?useUnicode=true&characterEncoding=UTF-8&tinyInt1isBit=false),before
2019-09-27 18:32:38 | &amp#27;[34mINFO &amp#27;[0;39m | &amp#27;[1;33mmain&amp#27;[0;39m | &amp#27;[1;32mcom.muda.controller.platform.job.PlatformJobController&amp#27;[0;39m | createDbConnection.create(jdbc:mysql://10.10.28.5:3306/wj_test?useUnicode=true&characterEncoding=UTF-8&tinyInt1isBit=false),before
2019-09-27 18:32:38 | &amp#27;[34mINFO &amp#27;[0;39m | &amp#27;[1;33mmain&amp#27;[0;39m | &amp#27;[1;32mcom.muda.controller.platform.job.PlatformJobController&amp#27;[0;39m | createDbConnection.create(jdbc:mysql://10.10.28.5:3306/wj_test?useUnicode=true&characterEncoding=UTF-8&tinyInt1isBit=false),after
2019-09-27 18:32:38 | &amp#27;[34mINFO &amp#27;[0;39m | &amp#27;[1;33mmain&amp#27;[0;39m | &amp#27;[1;32mcom.muda.controller.platform.job.PlatformJobController&amp#27;[0;39m | createDbConnection.create(jdbc:mysql://10.10.28.5:3306/wj_test?useUnicode=true&characterEncoding=UTF-8&tinyInt1isBit=false),after
2019-09-27 18:32:38 | &amp#27;[34mINFO &amp#27;[0;39m | &amp#27;[1;33mmain&amp#27;[0;39m | &amp#27;[1;32mcom.muda.utils.listenter.TestngRetry&amp#27;[0;39m | maxRunCount=2
2019-09-27 18:32:38 | &amp#27;[34mINFO &amp#27;[0;39m | &amp#27;[1;33mmain&amp#27;[0;39m | &amp#27;[1;32mcom.muda.utils.listenter.TestngRetry&amp#27;[0;39m | maxRunCount=2
2019-09-27 18:32:38 | &amp#27;[34mINFO &amp#27;[0;39m | &amp#27;[1;33mPoolService-6&amp#27;[0;39m | &amp#27;[1;32mcom.muda.utils.listenter.TestngListener&amp#27;[0;39m | testMethod Start
2019-09-27 18:32:38 | &amp#27;[34mINFO &amp#27;[0;39m | &amp#27;[1;33mPoolService-8&amp#27;[0;39m | &amp#27;[1;32mcom.muda.utils.listenter.TestngListener&amp#27;[0;39m | testMethod Start
2019-09-27 18:32:38 | &amp#27;[34mINFO &amp#27;[0;39m | &amp#27;[1;33mPoolService-1&amp#27;[0;39m | &amp#27;[1;32mcom.muda.utils.listenter.TestngListener&amp#27;[0;39m | testMethod Start
2019-09-27 18:32:38 | &amp#27;[34mINFO &amp#27;[0;39m | &amp#27;[1;33mPoolService-0&amp#27;[0;39m | &amp#27;[1;32mcom.muda.utils.listenter.TestngListener&amp#27;[0;39m | testMethod Start
2019-09-27 18:32:38 | &amp#27;[34mINFO &amp#27;[0;39m | &amp#27;[1;33mPoolService-4&amp#27;[0;39m | &amp#27;[1;32mcom.muda.utils.listenter.TestngListener&amp#27;[0;39m | testMethod Start
2019-09-27 18:32:38 | &amp#27;[34mINFO &amp#27;[0;39m | &amp#27;[1;33mPoolService-9&amp#27;[0;39m | &amp#27;[1;32mcom.muda.utils.listenter.TestngListener&amp#27;[0;39m | testMethod Start
2019-09-27 18:32:38 | &amp#27;[34mINFO &amp#27;[0;39m | &amp#27;[1;33mPoolService-6&amp#27;[0;39m | &amp#27;[1;32mcom.muda.utils.listenter.TestngListener&amp#27;[0;39m | testMethod Start
2019-09-27 18:32:38 | &amp#27;[34mINFO &amp#27;[0;39m | &amp#27;[1;33mPoolService-7&amp#27;[0;39m | &amp#27;[1;32mcom.muda.utils.listenter.TestngListener&amp#27;[0;39m | testMethod Start
2019-09-27 18:32:38 | &amp#27;[34mINFO &amp#27;[0;39m | &amp#27;[1;33mPoolService-1&amp#27;[0;39m | &amp#27;[1;32mcom.muda.utils.listenter.TestngListener&amp#27;[0;39m | testMethod Start
2019-09-27 18:32:38 | &amp#27;[34mINFO &amp#27;[0;39m | &amp#27;[1;33mPoolService-9&amp#27;[0;39m | &amp#27;[1;32mcom.muda.utils.listenter.TestngListener&amp#27;[0;39m | testMethod Start
2019-09-27 18:32:38 | &amp#27;[34mINFO &amp#27;[0;39m | &amp#27;[1;33mPoolService-5&amp#27;[0;39m | &amp#27;[1;32mcom.muda.utils.listenter.TestngListener&amp#27;[0;39m | testMethod Start
2019-09-27 18:32:38 | &amp#27;[34mINFO &amp#27;[0;39m | &amp#27;[1;33mPoolService-3&amp#27;[0;39m | &amp#27;[1;32mcom.muda.utils.listenter.TestngListener&amp#27;[0;39m | testMethod Start
2019-09-27 18:32:38 | &amp#27;[34mINFO &amp#27;[0;39m | &amp#27;[1;33mPoolService-8&amp#27;[0;39m | &amp#27;[1;32mcom.muda.utils.listenter.TestngListener&amp#27;[0;39m | testMethod Start
2019-09-27 18:32:38 | &amp#27;[34mINFO &amp#27;[0;39m | &amp#27;[1;33mPoolService-0&amp#27;[0;39m | &amp#27;[1;32mcom.muda.utils.listenter.TestngListener&amp#27;[0;39m | testMethod Start
2019-09-27 18:32:38 | &amp#27;[34mINFO &amp#27;[0;39m | &amp#27;[1;33mPoolService-4&amp#27;[0;39m | &amp#27;[1;32mcom.muda.utils.listenter.TestngListener&amp#27;[0;39m | testMethod Start
2019-09-27 18:32:38 | &amp#27;[34mINFO &amp#27;[0;39m | &amp#27;[1;33mPoolService-7&amp#27;[0;39m | &amp#27;[1;32mcom.muda.utils.listenter.TestngListener&amp#27;[0;39m | testMethod Start
2019-09-27 18:32:38 | &amp#27;[34mINFO &amp#27;[0;39m | &amp#27;[1;33mPoolService-2&amp#27;[0;39m | &amp#27;[1;32mcom.muda.utils.listenter.TestngListener&amp#27;[0;39m | testMethod Start
2019-09-27 18:32:38 | &amp#27;[34mINFO &amp#27;[0;39m | &amp#27;[1;33mPoolService-5&amp#27;[0;39m | &amp#27;[1;32mcom.muda.utils.listenter.TestngListener&amp#27;[0;39m | testMethod Start
2019-09-27 18:32:38 | &amp#27;[34mINFO &amp#27;[0;39m | &amp#27;[1;33mPoolService-3&amp#27;[0;39m | &amp#27;[1;32mcom.muda.utils.listenter.TestngListener&amp#27;[0;39m | testMethod Start
2019-09-27 18:32:38 | &amp#27;[34mINFO &amp#27;[0;39m | &amp#27;[1;33mPoolService-2&amp#27;[0;39m | &amp#27;[1;32mcom.muda.utils.listenter.TestngListener&amp#27;[0;39m | testMethod Start
2019-09-27 18:32:39 | &amp#27;[34mINFO &amp#27;[0;39m | &amp#27;[1;33mPoolService-5&amp#27;[0;39m | &amp#27;[1;32mcom.muda.utils.listenter.TestngRetry&amp#27;[0;39m | retire:::running retry for 'testMethod' on class com.muda.utils.listenter.TestngRetry Retrying 1 times
2019-09-27 18:32:39 | &amp#27;[34mINFO &amp#27;[0;39m | &amp#27;[1;33mPoolService-6&amp#27;[0;39m | &amp#27;[1;32mcom.muda.utils.listenter.TestngRetry&amp#27;[0;39m | retire:::running retry for 'testMethod' on class com.muda.utils.listenter.TestngRetry Retrying 1 times
2019-09-27 18:32:39 | &amp#27;[34mINFO &amp#27;[0;39m | &amp#27;[1;33mPoolService-4&amp#27;[0;39m | &amp#27;[1;32mcom.muda.utils.listenter.TestngRetry&amp#27;[0;39m | retire:::running retry for 'testMethod' on class com.muda.utils.listenter.TestngRetry Retrying 1 times
2019-09-27 18:32:39 | &amp#27;[34mINFO &amp#27;[0;39m | &amp#27;[1;33mPoolService-2&amp#27;[0;39m | &amp#27;[1;32mcom.muda.utils.listenter.TestngRetry&amp#27;[0;39m | retire:::running retry for 'testMethod' on class com.muda.utils.listenter.TestngRetry Retrying 1 times
2019-09-27 18:32:39 | &amp#27;[34mINFO &amp#27;[0;39m | &amp#27;[1;33mPoolService-7&amp#27;[0;39m | &amp#27;[1;32mcom.muda.utils.listenter.TestngRetry&amp#27;[0;39m | retire:::running retry for 'testMethod' on class com.muda.utils.listenter.TestngRetry Retrying 1 times
2019-09-27 18:32:39 | &amp#27;[34mINFO &amp#27;[0;39m | &amp#27;[1;33mPoolService-5&amp#27;[0;39m | &amp#27;[1;32mcom.muda.utils.listenter.TestngRetry&amp#27;[0;39m | retire:::running retry for 'testMethod' on class com.muda.utils.listenter.TestngRetry Retrying 1 times
2019-09-27 18:32:39 | &amp#27;[34mINFO &amp#27;[0;39m | &amp#27;[1;33mPoolService-1&amp#27;[0;39m | &amp#27;[1;32mcom.muda.utils.listenter.TestngRetry&amp#27;[0;39m | retire:::running retry for 'testMethod' on class com.muda.utils.listenter.TestngRetry Retrying 1 times
2019-09-27 18:32:39 | &amp#27;[34mINFO &amp#27;[0;39m | &amp#27;[1;33mPoolService-1&amp#27;[0;39m | &amp#27;[1;32mcom.muda.utils.listenter.TestngRetry&amp#27;[0;39m | retire:::running retry for 'testMethod' on class com.muda.utils.listenter.TestngRetry Retrying 1 times
2019-09-27 18:32:39 | &amp#27;[34mINFO &amp#27;[0;39m | &amp#27;[1;33mPoolService-6&amp#27;[0;39m | &amp#27;[1;32mcom.muda.utils.listenter.TestngRetry&amp#27;[0;39m | retire:::running retry for 'testMethod' on class com.muda.utils.listenter.TestngRetry Retrying 1 times
2019-09-27 18:32:39 | &amp#27;[34mINFO &amp#27;[0;39m | &amp#27;[1;33mPoolService-8&amp#27;[0;39m | &amp#27;[1;32mcom.muda.utils.listenter.TestngRetry&amp#27;[0;39m | retire:::running retry for 'testMethod' on class com.muda.utils.listenter.TestngRetry Retrying 1 times
2019-09-27 18:32:39 | &amp#27;[34mINFO &amp#27;[0;39m | &amp#27;[1;33mPoolService-8&amp#27;[0;39m | &amp#27;[1;32mcom.muda.utils.listenter.TestngRetry&amp#27;[0;39m | retire:::running retry for 'testMethod' on class com.muda.utils.listenter.TestngRetry Retrying 1 times
2019-09-27 18:32:39 | &amp#27;[34mINFO &amp#27;[0;39m | &amp#27;[1;33mPoolService-3&amp#27;[0;39m | &amp#27;[1;32mcom.muda.utils.listenter.TestngRetry&amp#27;[0;39m | retire:::running retry for 'testMethod' on class com.muda.utils.listenter.TestngRetry Retrying 1 times
2019-09-27 18:32:39 | &amp#27;[34mINFO &amp#27;[0;39m | &amp#27;[1;33mPoolService-7&amp#27;[0;39m | &amp#27;[1;32mcom.muda.utils.listenter.TestngRetry&amp#27;[0;39m | retire:::running retry for 'testMethod' on class com.muda.utils.listenter.TestngRetry Retrying 1 times
2019-09-27 18:32:39 | &amp#27;[34mINFO &amp#27;[0;39m | &amp#27;[1;33mPoolService-9&amp#27;[0;39m | &amp#27;[1;32mcom.muda.utils.listenter.TestngRetry&amp#27;[0;39m | retire:::running retry for 'testMethod' on class com.muda.utils.listenter.TestngRetry Retrying 1 times
2019-09-27 18:32:39 | &amp#27;[34mINFO &amp#27;[0;39m | &amp#27;[1;33mPoolService-2&amp#27;[0;39m | &amp#27;[1;32mcom.muda.utils.listenter.TestngRetry&amp#27;[0;39m | retire:::running retry for 'testMethod' on class com.muda.utils.listenter.TestngRetry Retrying 1 times
2019-09-27 18:32:39 | &amp#27;[34mINFO &amp#27;[0;39m | &amp#27;[1;33mPoolService-4&amp#27;[0;39m | &amp#27;[1;32mcom.muda.utils.listenter.TestngRetry&amp#27;[0;39m | retire:::running retry for 'testMethod' on class com.muda.utils.listenter.TestngRetry Retrying 1 times
2019-09-27 18:32:39 | &amp#27;[34mINFO &amp#27;[0;39m | &amp#27;[1;33mPoolService-3&amp#27;[0;39m | &amp#27;[1;32mcom.muda.utils.listenter.TestngRetry&amp#27;[0;39m | retire:::running retry for 'testMethod' on class com.muda.utils.listenter.TestngRetry Retrying 1 times
2019-09-27 18:32:39 | &amp#27;[34mINFO &amp#27;[0;39m | &amp#27;[1;33mPoolService-9&amp#27;[0;39m | &amp#27;[1;32mcom.muda.utils.listenter.TestngRetry&amp#27;[0;39m | retire:::running retry for 'testMethod' on class com.muda.utils.listenter.TestngRetry Retrying 1 times
]]></system-out>
  </testcase>
  <testcase name="testMethod" classname="com.muda.controller.platform.job.PlatformJobController" time="0.742">
    <failure message="expected [true] but found [false]" type="java.lang.AssertionError">java.lang.AssertionError: expected [true] but found [false]
	at org.testng.Assert.fail(Assert.java:94)
	at org.testng.Assert.failNotEquals(Assert.java:496)
	at org.testng.Assert.assertTrue(Assert.java:42)
	at org.testng.Assert.assertTrue(Assert.java:52)
	at com.muda.controller.platform.job.PlatformJobController.testMethod(PlatformJobController.java:143)
</failure>
  </testcase>
  <testcase name="testMethod" classname="com.muda.controller.platform.job.PlatformJobController" time="0.743">
    <failure message="expected [true] but found [false]" type="java.lang.AssertionError">java.lang.AssertionError: expected [true] but found [false]
	at org.testng.Assert.fail(Assert.java:94)
	at org.testng.Assert.failNotEquals(Assert.java:496)
	at org.testng.Assert.assertTrue(Assert.java:42)
	at org.testng.Assert.assertTrue(Assert.java:52)
	at com.muda.controller.platform.job.PlatformJobController.testMethod(PlatformJobController.java:143)
</failure>
    <system-out><![CDATA[2019-09-27 18:32:39 | &amp#27;[34mINFO &amp#27;[0;39m | &amp#27;[1;33mPoolService-4&amp#27;[0;39m | &amp#27;[1;32mcom.muda.utils.listenter.TestngListener&amp#27;[0;39m | testMethod Failure
]]></system-out>
  </testcase>
  <testcase name="testMethod" classname="com.muda.controller.platform.job.PlatformJobController" time="0.743">
    <failure message="expected [true] but found [false]" type="java.lang.AssertionError">java.lang.AssertionError: expected [true] but found [false]
	at org.testng.Assert.fail(Assert.java:94)
	at org.testng.Assert.failNotEquals(Assert.java:496)
	at org.testng.Assert.assertTrue(Assert.java:42)
	at org.testng.Assert.assertTrue(Assert.java:52)
	at com.muda.controller.platform.job.PlatformJobController.testMethod(PlatformJobController.java:143)
</failure>
  </testcase>
  <testcase name="testMethod" classname="com.muda.controller.platform.job.PlatformJobController" time="0.743">
    <failure message="expected [true] but found [false]" type="java.lang.AssertionError">java.lang.AssertionError: expected [true] but found [false]
	at org.testng.Assert.fail(Assert.java:94)
	at org.testng.Assert.failNotEquals(Assert.java:496)
	at org.testng.Assert.assertTrue(Assert.java:42)
	at org.testng.Assert.assertTrue(Assert.java:52)
	at com.muda.controller.platform.job.PlatformJobController.testMethod(PlatformJobController.java:143)
</failure>
    <system-out><![CDATA[2019-09-27 18:32:39 | &amp#27;[34mINFO &amp#27;[0;39m | &amp#27;[1;33mPoolService-1&amp#27;[0;39m | &amp#27;[1;32mcom.muda.utils.listenter.TestngListener&amp#27;[0;39m | testMethod Failure
]]></system-out>
  </testcase>
  <testcase name="testMethod" classname="com.muda.controller.platform.job.PlatformJobController" time="0.743">
    <failure message="expected [true] but found [false]" type="java.lang.AssertionError">java.lang.AssertionError: expected [true] but found [false]
	at org.testng.Assert.fail(Assert.java:94)
	at org.testng.Assert.failNotEquals(Assert.java:496)
	at org.testng.Assert.assertTrue(Assert.java:42)
	at org.testng.Assert.assertTrue(Assert.java:52)
	at com.muda.controller.platform.job.PlatformJobController.testMethod(PlatformJobController.java:143)
</failure>
  </testcase>
  <testcase name="testMethod" classname="com.muda.controller.platform.job.PlatformJobController" time="0.743">
    <failure message="expected [true] but found [false]" type="java.lang.AssertionError">java.lang.AssertionError: expected [true] but found [false]
	at org.testng.Assert.fail(Assert.java:94)
	at org.testng.Assert.failNotEquals(Assert.java:496)
	at org.testng.Assert.assertTrue(Assert.java:42)
	at org.testng.Assert.assertTrue(Assert.java:52)
	at com.muda.controller.platform.job.PlatformJobController.testMethod(PlatformJobController.java:143)
</failure>
  </testcase>
  <testcase name="testMethod" classname="com.muda.controller.platform.job.PlatformJobController" time="0.743">
    <failure message="expected [true] but found [false]" type="java.lang.AssertionError">java.lang.AssertionError: expected [true] but found [false]
	at org.testng.Assert.fail(Assert.java:94)
	at org.testng.Assert.failNotEquals(Assert.java:496)
	at org.testng.Assert.assertTrue(Assert.java:42)
	at org.testng.Assert.assertTrue(Assert.java:52)
	at com.muda.controller.platform.job.PlatformJobController.testMethod(PlatformJobController.java:143)
</failure>
    <system-out><![CDATA[2019-09-27 18:32:39 | &amp#27;[34mINFO &amp#27;[0;39m | &amp#27;[1;33mPoolService-9&amp#27;[0;39m | &amp#27;[1;32mcom.muda.utils.listenter.TestngListener&amp#27;[0;39m | testMethod Failure
2019-09-27 18:32:39 | &amp#27;[34mINFO &amp#27;[0;39m | &amp#27;[1;33mPoolService-1&amp#27;[0;39m | &amp#27;[1;32mcom.muda.utils.listenter.TestngListener&amp#27;[0;39m | testMethod Failure
2019-09-27 18:32:39 | &amp#27;[34mINFO &amp#27;[0;39m | &amp#27;[1;33mPoolService-9&amp#27;[0;39m | &amp#27;[1;32mcom.muda.utils.listenter.TestngListener&amp#27;[0;39m | testMethod Failure
]]></system-out>
  </testcase>
  <testcase name="testMethod" classname="com.muda.controller.platform.job.PlatformJobController" time="0.743">
    <failure message="expected [true] but found [false]" type="java.lang.AssertionError">java.lang.AssertionError: expected [true] but found [false]
	at org.testng.Assert.fail(Assert.java:94)
	at org.testng.Assert.failNotEquals(Assert.java:496)
	at org.testng.Assert.assertTrue(Assert.java:42)
	at org.testng.Assert.assertTrue(Assert.java:52)
	at com.muda.controller.platform.job.PlatformJobController.testMethod(PlatformJobController.java:143)
</failure>
  </testcase>
  <testcase name="testMethod" classname="com.muda.controller.platform.job.PlatformJobController" time="0.005">
    <failure message="expected [true] but found [false]" type="java.lang.AssertionError">java.lang.AssertionError: expected [true] but found [false]
	at org.testng.Assert.fail(Assert.java:94)
	at org.testng.Assert.failNotEquals(Assert.java:496)
	at org.testng.Assert.assertTrue(Assert.java:42)
	at org.testng.Assert.assertTrue(Assert.java:52)
	at com.muda.controller.platform.job.PlatformJobController.testMethod(PlatformJobController.java:143)
</failure>
    <system-out><![CDATA[2019-09-27 18:32:39 | &amp#27;[34mINFO &amp#27;[0;39m | &amp#27;[1;33mPoolService-8&amp#27;[0;39m | &amp#27;[1;32mcom.muda.utils.listenter.TestngListener&amp#27;[0;39m | testMethod Failure
2019-09-27 18:32:39 | &amp#27;[34mINFO &amp#27;[0;39m | &amp#27;[1;33mPoolService-8&amp#27;[0;39m | &amp#27;[1;32mcom.muda.utils.listenter.TestngListener&amp#27;[0;39m | testMethod Failure
2019-09-27 18:32:39 | &amp#27;[34mINFO &amp#27;[0;39m | &amp#27;[1;33mPoolService-2&amp#27;[0;39m | &amp#27;[1;32mcom.muda.utils.listenter.TestngListener&amp#27;[0;39m | testMethod Failure
2019-09-27 18:32:39 | &amp#27;[34mINFO &amp#27;[0;39m | &amp#27;[1;33mPoolService-2&amp#27;[0;39m | &amp#27;[1;32mcom.muda.utils.listenter.TestngListener&amp#27;[0;39m | testMethod Failure
2019-09-27 18:32:39 | &amp#27;[34mINFO &amp#27;[0;39m | &amp#27;[1;33mPoolService-9&amp#27;[0;39m | &amp#27;[1;32mcom.muda.utils.listenter.TestngListener&amp#27;[0;39m | testMethod Start
2019-09-27 18:32:39 | &amp#27;[34mINFO &amp#27;[0;39m | &amp#27;[1;33mPoolService-1&amp#27;[0;39m | &amp#27;[1;32mcom.muda.utils.listenter.TestngListener&amp#27;[0;39m | testMethod Start
2019-09-27 18:32:39 | &amp#27;[34mINFO &amp#27;[0;39m | &amp#27;[1;33mPoolService-9&amp#27;[0;39m | &amp#27;[1;32mcom.muda.utils.listenter.TestngListener&amp#27;[0;39m | testMethod Start
2019-09-27 18:32:39 | &amp#27;[34mINFO &amp#27;[0;39m | &amp#27;[1;33mPoolService-1&amp#27;[0;39m | &amp#27;[1;32mcom.muda.utils.listenter.TestngListener&amp#27;[0;39m | testMethod Start
2019-09-27 18:32:39 | &amp#27;[34mINFO &amp#27;[0;39m | &amp#27;[1;33mPoolService-6&amp#27;[0;39m | &amp#27;[1;32mcom.muda.utils.listenter.TestngListener&amp#27;[0;39m | testMethod Failure
2019-09-27 18:32:39 | &amp#27;[34mINFO &amp#27;[0;39m | &amp#27;[1;33mPoolService-4&amp#27;[0;39m | &amp#27;[1;32mcom.muda.utils.listenter.TestngListener&amp#27;[0;39m | testMethod Failure
2019-09-27 18:32:39 | &amp#27;[34mINFO &amp#27;[0;39m | &amp#27;[1;33mPoolService-6&amp#27;[0;39m | &amp#27;[1;32mcom.muda.utils.listenter.TestngListener&amp#27;[0;39m | testMethod Failure
2019-09-27 18:32:39 | &amp#27;[34mINFO &amp#27;[0;39m | &amp#27;[1;33mPoolService-2&amp#27;[0;39m | &amp#27;[1;32mcom.muda.utils.listenter.TestngListener&amp#27;[0;39m | testMethod Start
2019-09-27 18:32:39 | &amp#27;[34mINFO &amp#27;[0;39m | &amp#27;[1;33mPoolService-2&amp#27;[0;39m | &amp#27;[1;32mcom.muda.utils.listenter.TestngListener&amp#27;[0;39m | testMethod Start
2019-09-27 18:32:39 | &amp#27;[34mINFO &amp#27;[0;39m | &amp#27;[1;33mPoolService-4&amp#27;[0;39m | &amp#27;[1;32mcom.muda.utils.listenter.TestngListener&amp#27;[0;39m | testMethod Start
2019-09-27 18:32:39 | &amp#27;[34mINFO &amp#27;[0;39m | &amp#27;[1;33mPoolService-4&amp#27;[0;39m | &amp#27;[1;32mcom.muda.utils.listenter.TestngListener&amp#27;[0;39m | testMethod Start
2019-09-27 18:32:39 | &amp#27;[34mINFO &amp#27;[0;39m | &amp#27;[1;33mPoolService-5&amp#27;[0;39m | &amp#27;[1;32mcom.muda.utils.listenter.TestngListener&amp#27;[0;39m | testMethod Failure
2019-09-27 18:32:39 | &amp#27;[34mINFO &amp#27;[0;39m | &amp#27;[1;33mPoolService-3&amp#27;[0;39m | &amp#27;[1;32mcom.muda.utils.listenter.TestngListener&amp#27;[0;39m | testMethod Failure
2019-09-27 18:32:39 | &amp#27;[34mINFO &amp#27;[0;39m | &amp#27;[1;33mPoolService-5&amp#27;[0;39m | &amp#27;[1;32mcom.muda.utils.listenter.TestngListener&amp#27;[0;39m | testMethod Failure
2019-09-27 18:32:39 | &amp#27;[34mINFO &amp#27;[0;39m | &amp#27;[1;33mPoolService-3&amp#27;[0;39m | &amp#27;[1;32mcom.muda.utils.listenter.TestngListener&amp#27;[0;39m | testMethod Failure
2019-09-27 18:32:39 | &amp#27;[34mINFO &amp#27;[0;39m | &amp#27;[1;33mPoolService-7&amp#27;[0;39m | &amp#27;[1;32mcom.muda.utils.listenter.TestngListener&amp#27;[0;39m | testMethod Failure
2019-09-27 18:32:39 | &amp#27;[34mINFO &amp#27;[0;39m | &amp#27;[1;33mPoolService-7&amp#27;[0;39m | &amp#27;[1;32mcom.muda.utils.listenter.TestngListener&amp#27;[0;39m | testMethod Failure
2019-09-27 18:32:39 | &amp#27;[34mINFO &amp#27;[0;39m | &amp#27;[1;33mPoolService-7&amp#27;[0;39m | &amp#27;[1;32mcom.muda.utils.listenter.TestngListener&amp#27;[0;39m | testMethod Start
2019-09-27 18:32:39 | &amp#27;[34mINFO &amp#27;[0;39m | &amp#27;[1;33mPoolService-7&amp#27;[0;39m | &amp#27;[1;32mcom.muda.utils.listenter.TestngListener&amp#27;[0;39m | testMethod Start
2019-09-27 18:32:39 | &amp#27;[34mINFO &amp#27;[0;39m | &amp#27;[1;33mPoolService-8&amp#27;[0;39m | &amp#27;[1;32mcom.muda.utils.listenter.TestngListener&amp#27;[0;39m | testMethod Start
2019-09-27 18:32:39 | &amp#27;[34mINFO &amp#27;[0;39m | &amp#27;[1;33mPoolService-8&amp#27;[0;39m | &amp#27;[1;32mcom.muda.utils.listenter.TestngListener&amp#27;[0;39m | testMethod Start
2019-09-27 18:32:39 | &amp#27;[34mINFO &amp#27;[0;39m | &amp#27;[1;33mPoolService-6&amp#27;[0;39m | &amp#27;[1;32mcom.muda.utils.listenter.TestngListener&amp#27;[0;39m | testMethod Start
2019-09-27 18:32:39 | &amp#27;[34mINFO &amp#27;[0;39m | &amp#27;[1;33mPoolService-6&amp#27;[0;39m | &amp#27;[1;32mcom.muda.utils.listenter.TestngListener&amp#27;[0;39m | testMethod Start
2019-09-27 18:32:39 | &amp#27;[34mINFO &amp#27;[0;39m | &amp#27;[1;33mPoolService-5&amp#27;[0;39m | &amp#27;[1;32mcom.muda.utils.listenter.TestngListener&amp#27;[0;39m | testMethod Start
2019-09-27 18:32:39 | &amp#27;[34mINFO &amp#27;[0;39m | &amp#27;[1;33mPoolService-5&amp#27;[0;39m | &amp#27;[1;32mcom.muda.utils.listenter.TestngListener&amp#27;[0;39m | testMethod Start
]]></system-out>
  </testcase>
  <testcase name="testMethod" classname="com.muda.controller.platform.job.PlatformJobController" time="0.089">
    <failure message="expected [true] but found [false]" type="java.lang.AssertionError">java.lang.AssertionError: expected [true] but found [false]
	at org.testng.Assert.fail(Assert.java:94)
	at org.testng.Assert.failNotEquals(Assert.java:496)
	at org.testng.Assert.assertTrue(Assert.java:42)
	at org.testng.Assert.assertTrue(Assert.java:52)
	at com.muda.controller.platform.job.PlatformJobController.testMethod(PlatformJobController.java:143)
</failure>
    <system-out><![CDATA[2019-09-27 18:32:39 | &amp#27;[34mINFO &amp#27;[0;39m | &amp#27;[1;33mPoolService-0&amp#27;[0;39m | &amp#27;[1;32mcom.muda.utils.listenter.TestngListener&amp#27;[0;39m | testMethod Failure
2019-09-27 18:32:39 | &amp#27;[34mINFO &amp#27;[0;39m | &amp#27;[1;33mPoolService-0&amp#27;[0;39m | &amp#27;[1;32mcom.muda.utils.listenter.TestngListener&amp#27;[0;39m | testMethod Failure
2019-09-27 18:32:39 | &amp#27;[34mINFO &amp#27;[0;39m | &amp#27;[1;33mPoolService-0&amp#27;[0;39m | &amp#27;[1;32mcom.muda.utils.listenter.TestngListener&amp#27;[0;39m | testMethod Start
2019-09-27 18:32:39 | &amp#27;[34mINFO &amp#27;[0;39m | &amp#27;[1;33mPoolService-0&amp#27;[0;39m | &amp#27;[1;32mcom.muda.utils.listenter.TestngListener&amp#27;[0;39m | testMethod Start
2019-09-27 18:32:39 | &amp#27;[34mINFO &amp#27;[0;39m | &amp#27;[1;33mPoolService-3&amp#27;[0;39m | &amp#27;[1;32mcom.muda.utils.listenter.TestngListener&amp#27;[0;39m | testMethod Start
2019-09-27 18:32:39 | &amp#27;[34mINFO &amp#27;[0;39m | &amp#27;[1;33mPoolService-3&amp#27;[0;39m | &amp#27;[1;32mcom.muda.utils.listenter.TestngListener&amp#27;[0;39m | testMethod Start
]]></system-out>
  </testcase>
  <testcase name="testMethod" classname="com.muda.controller.platform.job.PlatformJobController" time="0.089">
    <failure message="expected [true] but found [false]" type="java.lang.AssertionError">java.lang.AssertionError: expected [true] but found [false]
	at org.testng.Assert.fail(Assert.java:94)
	at org.testng.Assert.failNotEquals(Assert.java:496)
	at org.testng.Assert.assertTrue(Assert.java:42)
	at org.testng.Assert.assertTrue(Assert.java:52)
	at com.muda.controller.platform.job.PlatformJobController.testMethod(PlatformJobController.java:143)
</failure>
  </testcase>
  <testcase name="testMethod" classname="com.muda.controller.platform.job.PlatformJobController" time="0.014">
    <failure message="expected [true] but found [false]" type="java.lang.AssertionError">java.lang.AssertionError: expected [true] but found [false]
	at org.testng.Assert.fail(Assert.java:94)
	at org.testng.Assert.failNotEquals(Assert.java:496)
	at org.testng.Assert.assertTrue(Assert.java:42)
	at org.testng.Assert.assertTrue(Assert.java:52)
	at com.muda.controller.platform.job.PlatformJobController.testMethod(PlatformJobController.java:143)
</failure>
    <system-out><![CDATA[2019-09-27 18:32:39 | &amp#27;[34mINFO &amp#27;[0;39m | &amp#27;[1;33mPoolService-1&amp#27;[0;39m | &amp#27;[1;32mcom.muda.utils.listenter.TestngListener&amp#27;[0;39m | testMethod Failure
2019-09-27 18:32:39 | &amp#27;[34mINFO &amp#27;[0;39m | &amp#27;[1;33mPoolService-9&amp#27;[0;39m | &amp#27;[1;32mcom.muda.utils.listenter.TestngListener&amp#27;[0;39m | testMethod Failure
2019-09-27 18:32:39 | &amp#27;[34mINFO &amp#27;[0;39m | &amp#27;[1;33mPoolService-1&amp#27;[0;39m | &amp#27;[1;32mcom.muda.utils.listenter.TestngListener&amp#27;[0;39m | testMethod Failure
2019-09-27 18:32:39 | &amp#27;[34mINFO &amp#27;[0;39m | &amp#27;[1;33mPoolService-1&amp#27;[0;39m | &amp#27;[1;32mcom.muda.utils.listenter.TestngListener&amp#27;[0;39m | testMethod Start
2019-09-27 18:32:39 | &amp#27;[34mINFO &amp#27;[0;39m | &amp#27;[1;33mPoolService-1&amp#27;[0;39m | &amp#27;[1;32mcom.muda.utils.listenter.TestngListener&amp#27;[0;39m | testMethod Start
2019-09-27 18:32:39 | &amp#27;[34mINFO &amp#27;[0;39m | &amp#27;[1;33mPoolService-9&amp#27;[0;39m | &amp#27;[1;32mcom.muda.utils.listenter.TestngListener&amp#27;[0;39m | testMethod Failure
2019-09-27 18:32:39 | &amp#27;[34mINFO &amp#27;[0;39m | &amp#27;[1;33mPoolService-9&amp#27;[0;39m | &amp#27;[1;32mcom.muda.utils.listenter.TestngListener&amp#27;[0;39m | testMethod Start
2019-09-27 18:32:39 | &amp#27;[34mINFO &amp#27;[0;39m | &amp#27;[1;33mPoolService-9&amp#27;[0;39m | &amp#27;[1;32mcom.muda.utils.listenter.TestngListener&amp#27;[0;39m | testMethod Start
]]></system-out>
  </testcase>
  <testcase name="testMethod" classname="com.muda.controller.platform.job.PlatformJobController" time="0.006">
    <failure message="expected [true] but found [false]" type="java.lang.AssertionError">java.lang.AssertionError: expected [true] but found [false]
	at org.testng.Assert.fail(Assert.java:94)
	at org.testng.Assert.failNotEquals(Assert.java:496)
	at org.testng.Assert.assertTrue(Assert.java:42)
	at org.testng.Assert.assertTrue(Assert.java:52)
	at com.muda.controller.platform.job.PlatformJobController.testMethod(PlatformJobController.java:143)
</failure>
    <system-out><![CDATA[2019-09-27 18:32:39 | &amp#27;[34mINFO &amp#27;[0;39m | &amp#27;[1;33mPoolService-0&amp#27;[0;39m | &amp#27;[1;32mcom.muda.utils.listenter.TestngListener&amp#27;[0;39m | testMethod Failure
2019-09-27 18:32:39 | &amp#27;[34mINFO &amp#27;[0;39m | &amp#27;[1;33mPoolService-0&amp#27;[0;39m | &amp#27;[1;32mcom.muda.utils.listenter.TestngListener&amp#27;[0;39m | testMethod Failure
2019-09-27 18:32:39 | &amp#27;[34mINFO &amp#27;[0;39m | &amp#27;[1;33mPoolService-0&amp#27;[0;39m | &amp#27;[1;32mcom.muda.utils.listenter.TestngListener&amp#27;[0;39m | testMethod Start
2019-09-27 18:32:39 | &amp#27;[34mINFO &amp#27;[0;39m | &amp#27;[1;33mPoolService-0&amp#27;[0;39m | &amp#27;[1;32mcom.muda.utils.listenter.TestngListener&amp#27;[0;39m | testMethod Start
]]></system-out>
  </testcase>
  <testcase name="testMethod" classname="com.muda.controller.platform.job.PlatformJobController" time="0.002">
    <failure message="expected [true] but found [false]" type="java.lang.AssertionError">java.lang.AssertionError: expected [true] but found [false]
	at org.testng.Assert.fail(Assert.java:94)
	at org.testng.Assert.failNotEquals(Assert.java:496)
	at org.testng.Assert.assertTrue(Assert.java:42)
	at org.testng.Assert.assertTrue(Assert.java:52)
	at com.muda.controller.platform.job.PlatformJobController.testMethod(PlatformJobController.java:143)
</failure>
    <system-out><![CDATA[2019-09-27 18:32:39 | &amp#27;[34mINFO &amp#27;[0;39m | &amp#27;[1;33mPoolService-4&amp#27;[0;39m | &amp#27;[1;32mcom.muda.utils.listenter.TestngListener&amp#27;[0;39m | testMethod Failure
2019-09-27 18:32:39 | &amp#27;[34mINFO &amp#27;[0;39m | &amp#27;[1;33mPoolService-4&amp#27;[0;39m | &amp#27;[1;32mcom.muda.utils.listenter.TestngListener&amp#27;[0;39m | testMethod Failure
2019-09-27 18:32:39 | &amp#27;[34mINFO &amp#27;[0;39m | &amp#27;[1;33mPoolService-4&amp#27;[0;39m | &amp#27;[1;32mcom.muda.utils.listenter.TestngListener&amp#27;[0;39m | testMethod Start
2019-09-27 18:32:39 | &amp#27;[34mINFO &amp#27;[0;39m | &amp#27;[1;33mPoolService-4&amp#27;[0;39m | &amp#27;[1;32mcom.muda.utils.listenter.TestngListener&amp#27;[0;39m | testMethod Start
]]></system-out>
  </testcase>
  <testcase name="testMethod" classname="com.muda.controller.platform.job.PlatformJobController" time="0.005">
    <failure message="expected [true] but found [false]" type="java.lang.AssertionError">java.lang.AssertionError: expected [true] but found [false]
	at org.testng.Assert.fail(Assert.java:94)
	at org.testng.Assert.failNotEquals(Assert.java:496)
	at org.testng.Assert.assertTrue(Assert.java:42)
	at org.testng.Assert.assertTrue(Assert.java:52)
	at com.muda.controller.platform.job.PlatformJobController.testMethod(PlatformJobController.java:143)
</failure>
    <system-out><![CDATA[2019-09-27 18:32:39 | &amp#27;[34mINFO &amp#27;[0;39m | &amp#27;[1;33mPoolService-3&amp#27;[0;39m | &amp#27;[1;32mcom.muda.utils.listenter.TestngListener&amp#27;[0;39m | testMethod Failure
2019-09-27 18:32:39 | &amp#27;[34mINFO &amp#27;[0;39m | &amp#27;[1;33mPoolService-3&amp#27;[0;39m | &amp#27;[1;32mcom.muda.utils.listenter.TestngListener&amp#27;[0;39m | testMethod Failure
2019-09-27 18:32:39 | &amp#27;[34mINFO &amp#27;[0;39m | &amp#27;[1;33mPoolService-3&amp#27;[0;39m | &amp#27;[1;32mcom.muda.utils.listenter.TestngListener&amp#27;[0;39m | testMethod Start
2019-09-27 18:32:39 | &amp#27;[34mINFO &amp#27;[0;39m | &amp#27;[1;33mPoolService-3&amp#27;[0;39m | &amp#27;[1;32mcom.muda.utils.listenter.TestngListener&amp#27;[0;39m | testMethod Start
]]></system-out>
  </testcase>
  <testcase name="testMethod" classname="com.muda.controller.platform.job.PlatformJobController" time="0.005">
    <failure message="expected [true] but found [false]" type="java.lang.AssertionError">java.lang.AssertionError: expected [true] but found [false]
	at org.testng.Assert.fail(Assert.java:94)
	at org.testng.Assert.failNotEquals(Assert.java:496)
	at org.testng.Assert.assertTrue(Assert.java:42)
	at org.testng.Assert.assertTrue(Assert.java:52)
	at com.muda.controller.platform.job.PlatformJobController.testMethod(PlatformJobController.java:143)
</failure>
    <system-out><![CDATA[2019-09-27 18:32:39 | &amp#27;[34mINFO &amp#27;[0;39m | &amp#27;[1;33mPoolService-2&amp#27;[0;39m | &amp#27;[1;32mcom.muda.utils.listenter.TestngListener&amp#27;[0;39m | testMethod Failure
2019-09-27 18:32:39 | &amp#27;[34mINFO &amp#27;[0;39m | &amp#27;[1;33mPoolService-2&amp#27;[0;39m | &amp#27;[1;32mcom.muda.utils.listenter.TestngListener&amp#27;[0;39m | testMethod Failure
]]></system-out>
  </testcase>
  <testcase name="testMethod" classname="com.muda.controller.platform.job.PlatformJobController" time="0.001">
    <failure message="expected [true] but found [false]" type="java.lang.AssertionError">java.lang.AssertionError: expected [true] but found [false]
	at org.testng.Assert.fail(Assert.java:94)
	at org.testng.Assert.failNotEquals(Assert.java:496)
	at org.testng.Assert.assertTrue(Assert.java:42)
	at org.testng.Assert.assertTrue(Assert.java:52)
	at com.muda.controller.platform.job.PlatformJobController.testMethod(PlatformJobController.java:143)
</failure>
    <system-out><![CDATA[2019-09-27 18:32:39 | &amp#27;[34mINFO &amp#27;[0;39m | &amp#27;[1;33mPoolService-5&amp#27;[0;39m | &amp#27;[1;32mcom.muda.utils.listenter.TestngListener&amp#27;[0;39m | testMethod Failure
]]></system-out>
  </testcase>
  <testcase name="testMethod" classname="com.muda.controller.platform.job.PlatformJobController" time="0.001">
    <failure message="expected [true] but found [false]" type="java.lang.AssertionError">java.lang.AssertionError: expected [true] but found [false]
	at org.testng.Assert.fail(Assert.java:94)
	at org.testng.Assert.failNotEquals(Assert.java:496)
	at org.testng.Assert.assertTrue(Assert.java:42)
	at org.testng.Assert.assertTrue(Assert.java:52)
	at com.muda.controller.platform.job.PlatformJobController.testMethod(PlatformJobController.java:143)
</failure>
    <system-out><![CDATA[2019-09-27 18:32:39 | &amp#27;[34mINFO &amp#27;[0;39m | &amp#27;[1;33mPoolService-7&amp#27;[0;39m | &amp#27;[1;32mcom.muda.utils.listenter.TestngListener&amp#27;[0;39m | testMethod Failure
2019-09-27 18:32:39 | &amp#27;[34mINFO &amp#27;[0;39m | &amp#27;[1;33mPoolService-7&amp#27;[0;39m | &amp#27;[1;32mcom.muda.utils.listenter.TestngListener&amp#27;[0;39m | testMethod Failure
2019-09-27 18:32:39 | &amp#27;[34mINFO &amp#27;[0;39m | &amp#27;[1;33mPoolService-7&amp#27;[0;39m | &amp#27;[1;32mcom.muda.utils.listenter.TestngListener&amp#27;[0;39m | testMethod Start
2019-09-27 18:32:39 | &amp#27;[34mINFO &amp#27;[0;39m | &amp#27;[1;33mPoolService-7&amp#27;[0;39m | &amp#27;[1;32mcom.muda.utils.listenter.TestngListener&amp#27;[0;39m | testMethod Start
2019-09-27 18:32:39 | &amp#27;[34mINFO &amp#27;[0;39m | &amp#27;[1;33mPoolService-5&amp#27;[0;39m | &amp#27;[1;32mcom.muda.utils.listenter.TestngListener&amp#27;[0;39m | testMethod Failure
2019-09-27 18:32:39 | &amp#27;[34mINFO &amp#27;[0;39m | &amp#27;[1;33mPoolService-2&amp#27;[0;39m | &amp#27;[1;32mcom.muda.utils.listenter.TestngListener&amp#27;[0;39m | testMethod Start
2019-09-27 18:32:39 | &amp#27;[34mINFO &amp#27;[0;39m | &amp#27;[1;33mPoolService-5&amp#27;[0;39m | &amp#27;[1;32mcom.muda.utils.listenter.TestngListener&amp#27;[0;39m | testMethod Start
2019-09-27 18:32:39 | &amp#27;[34mINFO &amp#27;[0;39m | &amp#27;[1;33mPoolService-2&amp#27;[0;39m | &amp#27;[1;32mcom.muda.utils.listenter.TestngListener&amp#27;[0;39m | testMethod Start
2019-09-27 18:32:39 | &amp#27;[34mINFO &amp#27;[0;39m | &amp#27;[1;33mPoolService-5&amp#27;[0;39m | &amp#27;[1;32mcom.muda.utils.listenter.TestngListener&amp#27;[0;39m | testMethod Start
]]></system-out>
  </testcase>
  <testcase name="testMethod" classname="com.muda.controller.platform.job.PlatformJobController" time="0.002">
    <failure message="expected [true] but found [false]" type="java.lang.AssertionError">java.lang.AssertionError: expected [true] but found [false]
	at org.testng.Assert.fail(Assert.java:94)
	at org.testng.Assert.failNotEquals(Assert.java:496)
	at org.testng.Assert.assertTrue(Assert.java:42)
	at org.testng.Assert.assertTrue(Assert.java:52)
	at com.muda.controller.platform.job.PlatformJobController.testMethod(PlatformJobController.java:143)
</failure>
    <system-out><![CDATA[2019-09-27 18:32:39 | &amp#27;[34mINFO &amp#27;[0;39m | &amp#27;[1;33mPoolService-6&amp#27;[0;39m | &amp#27;[1;32mcom.muda.utils.listenter.TestngListener&amp#27;[0;39m | testMethod Failure
2019-09-27 18:32:39 | &amp#27;[34mINFO &amp#27;[0;39m | &amp#27;[1;33mPoolService-6&amp#27;[0;39m | &amp#27;[1;32mcom.muda.utils.listenter.TestngListener&amp#27;[0;39m | testMethod Failure
2019-09-27 18:32:39 | &amp#27;[34mINFO &amp#27;[0;39m | &amp#27;[1;33mPoolService-6&amp#27;[0;39m | &amp#27;[1;32mcom.muda.utils.listenter.TestngListener&amp#27;[0;39m | testMethod Start
2019-09-27 18:32:39 | &amp#27;[34mINFO &amp#27;[0;39m | &amp#27;[1;33mPoolService-6&amp#27;[0;39m | &amp#27;[1;32mcom.muda.utils.listenter.TestngListener&amp#27;[0;39m | testMethod Start
]]></system-out>
  </testcase>
  <testcase name="testMethod" classname="com.muda.controller.platform.job.PlatformJobController" time="0.052">
    <failure message="expected [true] but found [false]" type="java.lang.AssertionError">java.lang.AssertionError: expected [true] but found [false]
	at org.testng.Assert.fail(Assert.java:94)
	at org.testng.Assert.failNotEquals(Assert.java:496)
	at org.testng.Assert.assertTrue(Assert.java:42)
	at org.testng.Assert.assertTrue(Assert.java:52)
	at com.muda.controller.platform.job.PlatformJobController.testMethod(PlatformJobController.java:143)
</failure>
    <system-out><![CDATA[2019-09-27 18:32:39 | &amp#27;[34mINFO &amp#27;[0;39m | &amp#27;[1;33mPoolService-8&amp#27;[0;39m | &amp#27;[1;32mcom.muda.utils.listenter.TestngListener&amp#27;[0;39m | testMethod Failure
2019-09-27 18:32:39 | &amp#27;[34mINFO &amp#27;[0;39m | &amp#27;[1;33mPoolService-8&amp#27;[0;39m | &amp#27;[1;32mcom.muda.utils.listenter.TestngListener&amp#27;[0;39m | testMethod Failure
]]></system-out>
  </testcase>
  <testcase name="testMethod" classname="com.muda.controller.platform.job.PlatformJobController" time="0.052">
    <failure message="expected [true] but found [false]" type="java.lang.AssertionError">java.lang.AssertionError: expected [true] but found [false]
	at org.testng.Assert.fail(Assert.java:94)
	at org.testng.Assert.failNotEquals(Assert.java:496)
	at org.testng.Assert.assertTrue(Assert.java:42)
	at org.testng.Assert.assertTrue(Assert.java:52)
	at com.muda.controller.platform.job.PlatformJobController.testMethod(PlatformJobController.java:143)
</failure>
    <system-out><![CDATA[2019-09-27 18:32:39 | &amp#27;[34mINFO &amp#27;[0;39m | &amp#27;[1;33mPoolService-1&amp#27;[0;39m | &amp#27;[1;32mcom.muda.utils.listenter.TestngListener&amp#27;[0;39m | testMethod Failure
2019-09-27 18:32:39 | &amp#27;[34mINFO &amp#27;[0;39m | &amp#27;[1;33mPoolService-1&amp#27;[0;39m | &amp#27;[1;32mcom.muda.utils.listenter.TestngListener&amp#27;[0;39m | testMethod Failure
]]></system-out>
  </testcase>
  <testcase name="testMethod" classname="com.muda.controller.platform.job.PlatformJobController" time="0.062">
    <failure message="expected [true] but found [false]" type="java.lang.AssertionError">java.lang.AssertionError: expected [true] but found [false]
	at org.testng.Assert.fail(Assert.java:94)
	at org.testng.Assert.failNotEquals(Assert.java:496)
	at org.testng.Assert.assertTrue(Assert.java:42)
	at org.testng.Assert.assertTrue(Assert.java:52)
	at com.muda.controller.platform.job.PlatformJobController.testMethod(PlatformJobController.java:143)
</failure>
    <system-out><![CDATA[2019-09-27 18:32:39 | &amp#27;[34mINFO &amp#27;[0;39m | &amp#27;[1;33mPoolService-9&amp#27;[0;39m | &amp#27;[1;32mcom.muda.utils.listenter.TestngListener&amp#27;[0;39m | testMethod Failure
2019-09-27 18:32:39 | &amp#27;[34mINFO &amp#27;[0;39m | &amp#27;[1;33mPoolService-9&amp#27;[0;39m | &amp#27;[1;32mcom.muda.utils.listenter.TestngListener&amp#27;[0;39m | testMethod Failure
]]></system-out>
  </testcase>
  <testcase name="testMethod" classname="com.muda.controller.platform.job.PlatformJobController" time="0.072">
    <failure message="expected [true] but found [false]" type="java.lang.AssertionError">java.lang.AssertionError: expected [true] but found [false]
	at org.testng.Assert.fail(Assert.java:94)
	at org.testng.Assert.failNotEquals(Assert.java:496)
	at org.testng.Assert.assertTrue(Assert.java:42)
	at org.testng.Assert.assertTrue(Assert.java:52)
	at com.muda.controller.platform.job.PlatformJobController.testMethod(PlatformJobController.java:143)
</failure>
    <system-out><![CDATA[2019-09-27 18:32:39 | &amp#27;[34mINFO &amp#27;[0;39m | &amp#27;[1;33mPoolService-0&amp#27;[0;39m | &amp#27;[1;32mcom.muda.utils.listenter.TestngListener&amp#27;[0;39m | testMethod Failure
2019-09-27 18:32:39 | &amp#27;[34mINFO &amp#27;[0;39m | &amp#27;[1;33mPoolService-0&amp#27;[0;39m | &amp#27;[1;32mcom.muda.utils.listenter.TestngListener&amp#27;[0;39m | testMethod Failure
]]></system-out>
  </testcase>
  <testcase name="testMethod" classname="com.muda.controller.platform.job.PlatformJobController" time="0.089">
    <failure message="expected [true] but found [false]" type="java.lang.AssertionError">java.lang.AssertionError: expected [true] but found [false]
	at org.testng.Assert.fail(Assert.java:94)
	at org.testng.Assert.failNotEquals(Assert.java:496)
	at org.testng.Assert.assertTrue(Assert.java:42)
	at org.testng.Assert.assertTrue(Assert.java:52)
	at com.muda.controller.platform.job.PlatformJobController.testMethod(PlatformJobController.java:143)
</failure>
    <system-out><![CDATA[2019-09-27 18:32:39 | &amp#27;[34mINFO &amp#27;[0;39m | &amp#27;[1;33mPoolService-3&amp#27;[0;39m | &amp#27;[1;32mcom.muda.utils.listenter.TestngListener&amp#27;[0;39m | testMethod Failure
2019-09-27 18:32:39 | &amp#27;[34mINFO &amp#27;[0;39m | &amp#27;[1;33mPoolService-3&amp#27;[0;39m | &amp#27;[1;32mcom.muda.utils.listenter.TestngListener&amp#27;[0;39m | testMethod Failure
]]></system-out>
  </testcase>
  <testcase name="testMethod" classname="com.muda.controller.platform.job.PlatformJobController" time="0.091">
    <failure message="expected [true] but found [false]" type="java.lang.AssertionError">java.lang.AssertionError: expected [true] but found [false]
	at org.testng.Assert.fail(Assert.java:94)
	at org.testng.Assert.failNotEquals(Assert.java:496)
	at org.testng.Assert.assertTrue(Assert.java:42)
	at org.testng.Assert.assertTrue(Assert.java:52)
	at com.muda.controller.platform.job.PlatformJobController.testMethod(PlatformJobController.java:143)
</failure>
    <system-out><![CDATA[2019-09-27 18:32:39 | &amp#27;[34mINFO &amp#27;[0;39m | &amp#27;[1;33mPoolService-5&amp#27;[0;39m | &amp#27;[1;32mcom.muda.utils.listenter.TestngListener&amp#27;[0;39m | testMethod Failure
2019-09-27 18:32:39 | &amp#27;[34mINFO &amp#27;[0;39m | &amp#27;[1;33mPoolService-5&amp#27;[0;39m | &amp#27;[1;32mcom.muda.utils.listenter.TestngListener&amp#27;[0;39m | testMethod Failure
]]></system-out>
  </testcase>
  <testcase name="testMethod" classname="com.muda.controller.platform.job.PlatformJobController" time="0.091">
    <failure message="expected [true] but found [false]" type="java.lang.AssertionError">java.lang.AssertionError: expected [true] but found [false]
	at org.testng.Assert.fail(Assert.java:94)
	at org.testng.Assert.failNotEquals(Assert.java:496)
	at org.testng.Assert.assertTrue(Assert.java:42)
	at org.testng.Assert.assertTrue(Assert.java:52)
	at com.muda.controller.platform.job.PlatformJobController.testMethod(PlatformJobController.java:143)
</failure>
    <system-out><![CDATA[2019-09-27 18:32:39 | &amp#27;[34mINFO &amp#27;[0;39m | &amp#27;[1;33mPoolService-6&amp#27;[0;39m | &amp#27;[1;32mcom.muda.utils.listenter.TestngListener&amp#27;[0;39m | testMethod Failure
]]></system-out>
  </testcase>
  <testcase name="testMethod" classname="com.muda.controller.platform.job.PlatformJobController" time="0.109">
    <failure message="expected [true] but found [false]" type="java.lang.AssertionError">java.lang.AssertionError: expected [true] but found [false]
	at org.testng.Assert.fail(Assert.java:94)
	at org.testng.Assert.failNotEquals(Assert.java:496)
	at org.testng.Assert.assertTrue(Assert.java:42)
	at org.testng.Assert.assertTrue(Assert.java:52)
	at com.muda.controller.platform.job.PlatformJobController.testMethod(PlatformJobController.java:143)
</failure>
    <system-out><![CDATA[2019-09-27 18:32:39 | &amp#27;[34mINFO &amp#27;[0;39m | &amp#27;[1;33mPoolService-2&amp#27;[0;39m | &amp#27;[1;32mcom.muda.utils.listenter.TestngListener&amp#27;[0;39m | testMethod Failure
2019-09-27 18:32:39 | &amp#27;[34mINFO &amp#27;[0;39m | &amp#27;[1;33mPoolService-2&amp#27;[0;39m | &amp#27;[1;32mcom.muda.utils.listenter.TestngListener&amp#27;[0;39m | testMethod Failure
2019-09-27 18:32:39 | &amp#27;[34mINFO &amp#27;[0;39m | &amp#27;[1;33mPoolService-6&amp#27;[0;39m | &amp#27;[1;32mcom.muda.utils.listenter.TestngListener&amp#27;[0;39m | testMethod Failure
]]></system-out>
  </testcase>
  <testcase name="testMethod" classname="com.muda.controller.platform.job.PlatformJobController" time="0.149">
    <failure message="expected [true] but found [false]" type="java.lang.AssertionError">java.lang.AssertionError: expected [true] but found [false]
	at org.testng.Assert.fail(Assert.java:94)
	at org.testng.Assert.failNotEquals(Assert.java:496)
	at org.testng.Assert.assertTrue(Assert.java:42)
	at org.testng.Assert.assertTrue(Assert.java:52)
	at com.muda.controller.platform.job.PlatformJobController.testMethod(PlatformJobController.java:143)
</failure>
    <system-out><![CDATA[2019-09-27 18:32:39 | &amp#27;[34mINFO &amp#27;[0;39m | &amp#27;[1;33mPoolService-7&amp#27;[0;39m | &amp#27;[1;32mcom.muda.utils.listenter.TestngListener&amp#27;[0;39m | testMethod Failure
2019-09-27 18:32:39 | &amp#27;[34mINFO &amp#27;[0;39m | &amp#27;[1;33mPoolService-7&amp#27;[0;39m | &amp#27;[1;32mcom.muda.utils.listenter.TestngListener&amp#27;[0;39m | testMethod Failure
]]></system-out>
  </testcase>
</testsuite>