<?xml version="1.0" encoding="UTF-8"?>
<!-- Generated by org.testng.reporters.JUnitReportReporter -->
<testsuite hostname="appledeMacBook-Pro-72.local" name="com.muda.controller.platform.job.PlatformJobController" tests="2" failures="0" timestamp="15 Aug 2019 04:02:56 GMT" time="0.012" errors="0">
  <testcase name="runnerT1" time="0.006" classname="com.muda.controller.platform.job.PlatformJobController"/>
  <testcase name="runnerT2" time="0.006" classname="com.muda.controller.platform.job.PlatformJobController"/>
</testsuite> <!-- com.muda.controller.platform.job.PlatformJobController -->
